ARM GAS  C:\Users\wille\AppData\Local\Temp\cc5UuPxd.s 			page 1


   1              		.syntax unified
   2              		.cpu cortex-m3
   3              		.fpu softvfp
   4              		.eabi_attribute 20, 1
   5              		.eabi_attribute 21, 1
   6              		.eabi_attribute 23, 3
   7              		.eabi_attribute 24, 1
   8              		.eabi_attribute 25, 1
   9              		.eabi_attribute 26, 1
  10              		.eabi_attribute 30, 1
  11              		.eabi_attribute 34, 1
  12              		.eabi_attribute 18, 4
  13              		.thumb
  14              		.syntax unified
  15              		.file	"Motor.c"
  16              		.text
  17              	.Ltext0:
  18              		.cfi_sections	.debug_frame
  19              		.section	.text.motor_start,"ax",%progbits
  20              		.align	2
  21              		.global	motor_start
  22              		.thumb
  23              		.thumb_func
  24              		.type	motor_start, %function
  25              	motor_start:
  26              	.LFB63:
  27              		.file 1 "ZumoLibrary\\Motor.c"
   1:ZumoLibrary/Motor.c **** /**
   2:ZumoLibrary/Motor.c ****  * @file    Motor.c
   3:ZumoLibrary/Motor.c ****  * @brief   Basic methods for operating motor sensor. For more details, please refer to Motor.h fil
   4:ZumoLibrary/Motor.c ****  * @details included in Zumo shield
   5:ZumoLibrary/Motor.c **** */
   6:ZumoLibrary/Motor.c **** #include "Motor.h"
   7:ZumoLibrary/Motor.c **** 
   8:ZumoLibrary/Motor.c **** 
   9:ZumoLibrary/Motor.c **** /**
  10:ZumoLibrary/Motor.c **** * @brief    Starting motor sensors
  11:ZumoLibrary/Motor.c **** * @details  
  12:ZumoLibrary/Motor.c **** */
  13:ZumoLibrary/Motor.c **** void motor_start()
  14:ZumoLibrary/Motor.c **** {
  28              		.loc 1 14 0
  29              		.cfi_startproc
  30              		@ args = 0, pretend = 0, frame = 0
  31              		@ frame_needed = 0, uses_anonymous_args = 0
  32 0000 08B5     		push	{r3, lr}
  33              		.cfi_def_cfa_offset 8
  34              		.cfi_offset 3, -8
  35              		.cfi_offset 14, -4
  15:ZumoLibrary/Motor.c ****     PWM_Start();
  36              		.loc 1 15 0
  37 0002 FFF7FEFF 		bl	PWM_Start
  38              	.LVL0:
  39 0006 08BD     		pop	{r3, pc}
  40              		.cfi_endproc
  41              	.LFE63:
  42              		.size	motor_start, .-motor_start
ARM GAS  C:\Users\wille\AppData\Local\Temp\cc5UuPxd.s 			page 2


  43              		.section	.text.motor_stop,"ax",%progbits
  44              		.align	2
  45              		.global	motor_stop
  46              		.thumb
  47              		.thumb_func
  48              		.type	motor_stop, %function
  49              	motor_stop:
  50              	.LFB64:
  16:ZumoLibrary/Motor.c **** }
  17:ZumoLibrary/Motor.c **** 
  18:ZumoLibrary/Motor.c **** 
  19:ZumoLibrary/Motor.c **** /**
  20:ZumoLibrary/Motor.c **** * @brief    Stopping motor sensors
  21:ZumoLibrary/Motor.c **** * @details
  22:ZumoLibrary/Motor.c **** */
  23:ZumoLibrary/Motor.c **** void motor_stop()
  24:ZumoLibrary/Motor.c **** {
  51              		.loc 1 24 0
  52              		.cfi_startproc
  53              		@ args = 0, pretend = 0, frame = 0
  54              		@ frame_needed = 0, uses_anonymous_args = 0
  55 0000 08B5     		push	{r3, lr}
  56              		.cfi_def_cfa_offset 8
  57              		.cfi_offset 3, -8
  58              		.cfi_offset 14, -4
  25:ZumoLibrary/Motor.c ****     PWM_Stop();
  59              		.loc 1 25 0
  60 0002 FFF7FEFF 		bl	PWM_Stop
  61              	.LVL1:
  62 0006 08BD     		pop	{r3, pc}
  63              		.cfi_endproc
  64              	.LFE64:
  65              		.size	motor_stop, .-motor_stop
  66              		.section	.text.motor_forward,"ax",%progbits
  67              		.align	2
  68              		.global	motor_forward
  69              		.thumb
  70              		.thumb_func
  71              		.type	motor_forward, %function
  72              	motor_forward:
  73              	.LFB65:
  26:ZumoLibrary/Motor.c **** }
  27:ZumoLibrary/Motor.c **** 
  28:ZumoLibrary/Motor.c **** 
  29:ZumoLibrary/Motor.c **** /**
  30:ZumoLibrary/Motor.c **** * @brief    Moving motors forward
  31:ZumoLibrary/Motor.c **** * @details  giveing same speed to each side of PWM to make motors go forward
  32:ZumoLibrary/Motor.c **** * @param    uint8 speed : speed value
  33:ZumoLibrary/Motor.c **** * @param    uint32 delay : delay time
  34:ZumoLibrary/Motor.c **** */
  35:ZumoLibrary/Motor.c **** void motor_forward(uint8 speed,uint32 delay)
  36:ZumoLibrary/Motor.c **** {
  74              		.loc 1 36 0
  75              		.cfi_startproc
  76              		@ args = 0, pretend = 0, frame = 0
  77              		@ frame_needed = 0, uses_anonymous_args = 0
  78              	.LVL2:
ARM GAS  C:\Users\wille\AppData\Local\Temp\cc5UuPxd.s 			page 3


  79 0000 38B5     		push	{r3, r4, r5, lr}
  80              		.cfi_def_cfa_offset 16
  81              		.cfi_offset 3, -16
  82              		.cfi_offset 4, -12
  83              		.cfi_offset 5, -8
  84              		.cfi_offset 14, -4
  85 0002 0446     		mov	r4, r0
  86 0004 0D46     		mov	r5, r1
  37:ZumoLibrary/Motor.c ****     MotorDirLeft_Write(0);      // set LeftMotor forward mode
  87              		.loc 1 37 0
  88 0006 0020     		movs	r0, #0
  89              	.LVL3:
  90 0008 FFF7FEFF 		bl	MotorDirLeft_Write
  91              	.LVL4:
  38:ZumoLibrary/Motor.c ****     MotorDirRight_Write(0);     // set RightMotor forward mode
  92              		.loc 1 38 0
  93 000c 0020     		movs	r0, #0
  94 000e FFF7FEFF 		bl	MotorDirRight_Write
  95              	.LVL5:
  39:ZumoLibrary/Motor.c ****     PWM_WriteCompare1(speed); 
  96              		.loc 1 39 0
  97 0012 2046     		mov	r0, r4
  98 0014 FFF7FEFF 		bl	PWM_WriteCompare1
  99              	.LVL6:
  40:ZumoLibrary/Motor.c ****     PWM_WriteCompare2(speed); 
 100              		.loc 1 40 0
 101 0018 2046     		mov	r0, r4
 102 001a FFF7FEFF 		bl	PWM_WriteCompare2
 103              	.LVL7:
  41:ZumoLibrary/Motor.c ****     CyDelay(delay);
 104              		.loc 1 41 0
 105 001e 2846     		mov	r0, r5
 106 0020 FFF7FEFF 		bl	CyDelay
 107              	.LVL8:
 108 0024 38BD     		pop	{r3, r4, r5, pc}
 109              		.cfi_endproc
 110              	.LFE65:
 111              		.size	motor_forward, .-motor_forward
 112 0026 00BF     		.section	.text.motor_turn,"ax",%progbits
 113              		.align	2
 114              		.global	motor_turn
 115              		.thumb
 116              		.thumb_func
 117              		.type	motor_turn, %function
 118              	motor_turn:
 119              	.LFB66:
  42:ZumoLibrary/Motor.c **** }
  43:ZumoLibrary/Motor.c **** 
  44:ZumoLibrary/Motor.c **** 
  45:ZumoLibrary/Motor.c **** /**
  46:ZumoLibrary/Motor.c **** * @brief    Moving motors to make a turn 
  47:ZumoLibrary/Motor.c **** * @details  moving left when l_speed < r_speed or moving right when l_speed > r_speed
  48:ZumoLibrary/Motor.c **** * @param    uint8 l_speed : left motor speed value
  49:ZumoLibrary/Motor.c **** * @param    uint8 r_speed : right motor speed value
  50:ZumoLibrary/Motor.c **** * @param    uint32 delay : delay time
  51:ZumoLibrary/Motor.c **** */
  52:ZumoLibrary/Motor.c **** void motor_turn(uint8 l_speed, uint8 r_speed, uint32 delay)
ARM GAS  C:\Users\wille\AppData\Local\Temp\cc5UuPxd.s 			page 4


  53:ZumoLibrary/Motor.c **** {
 120              		.loc 1 53 0
 121              		.cfi_startproc
 122              		@ args = 0, pretend = 0, frame = 0
 123              		@ frame_needed = 0, uses_anonymous_args = 0
 124              	.LVL9:
 125 0000 38B5     		push	{r3, r4, r5, lr}
 126              		.cfi_def_cfa_offset 16
 127              		.cfi_offset 3, -16
 128              		.cfi_offset 4, -12
 129              		.cfi_offset 5, -8
 130              		.cfi_offset 14, -4
 131 0002 0D46     		mov	r5, r1
 132 0004 1446     		mov	r4, r2
  54:ZumoLibrary/Motor.c ****     PWM_WriteCompare1(l_speed); 
 133              		.loc 1 54 0
 134 0006 FFF7FEFF 		bl	PWM_WriteCompare1
 135              	.LVL10:
  55:ZumoLibrary/Motor.c ****     PWM_WriteCompare2(r_speed); 
 136              		.loc 1 55 0
 137 000a 2846     		mov	r0, r5
 138 000c FFF7FEFF 		bl	PWM_WriteCompare2
 139              	.LVL11:
  56:ZumoLibrary/Motor.c ****     CyDelay(delay);
 140              		.loc 1 56 0
 141 0010 2046     		mov	r0, r4
 142 0012 FFF7FEFF 		bl	CyDelay
 143              	.LVL12:
 144 0016 38BD     		pop	{r3, r4, r5, pc}
 145              		.cfi_endproc
 146              	.LFE66:
 147              		.size	motor_turn, .-motor_turn
 148              		.section	.text.motor_backward,"ax",%progbits
 149              		.align	2
 150              		.global	motor_backward
 151              		.thumb
 152              		.thumb_func
 153              		.type	motor_backward, %function
 154              	motor_backward:
 155              	.LFB67:
  57:ZumoLibrary/Motor.c **** }
  58:ZumoLibrary/Motor.c **** 
  59:ZumoLibrary/Motor.c **** 
  60:ZumoLibrary/Motor.c **** /**
  61:ZumoLibrary/Motor.c **** * @brief    Moving motors backward
  62:ZumoLibrary/Motor.c **** * @details  setting backward mode to each motors and gives same speed to each side of PWM
  63:ZumoLibrary/Motor.c **** * @param    uint8 speed : speed value
  64:ZumoLibrary/Motor.c **** * @param    uint32 delay : delay time
  65:ZumoLibrary/Motor.c **** */
  66:ZumoLibrary/Motor.c **** void motor_backward(uint8 speed,uint32 delay)
  67:ZumoLibrary/Motor.c **** {
 156              		.loc 1 67 0
 157              		.cfi_startproc
 158              		@ args = 0, pretend = 0, frame = 0
 159              		@ frame_needed = 0, uses_anonymous_args = 0
 160              	.LVL13:
 161 0000 38B5     		push	{r3, r4, r5, lr}
ARM GAS  C:\Users\wille\AppData\Local\Temp\cc5UuPxd.s 			page 5


 162              		.cfi_def_cfa_offset 16
 163              		.cfi_offset 3, -16
 164              		.cfi_offset 4, -12
 165              		.cfi_offset 5, -8
 166              		.cfi_offset 14, -4
 167 0002 0446     		mov	r4, r0
 168 0004 0D46     		mov	r5, r1
  68:ZumoLibrary/Motor.c ****     MotorDirLeft_Write(1);      // set LeftMotor backward mode
 169              		.loc 1 68 0
 170 0006 0120     		movs	r0, #1
 171              	.LVL14:
 172 0008 FFF7FEFF 		bl	MotorDirLeft_Write
 173              	.LVL15:
  69:ZumoLibrary/Motor.c ****     MotorDirRight_Write(1);     // set RightMotor backward mode
 174              		.loc 1 69 0
 175 000c 0120     		movs	r0, #1
 176 000e FFF7FEFF 		bl	MotorDirRight_Write
 177              	.LVL16:
  70:ZumoLibrary/Motor.c ****     PWM_WriteCompare1(speed); 
 178              		.loc 1 70 0
 179 0012 2046     		mov	r0, r4
 180 0014 FFF7FEFF 		bl	PWM_WriteCompare1
 181              	.LVL17:
  71:ZumoLibrary/Motor.c ****     PWM_WriteCompare2(speed); 
 182              		.loc 1 71 0
 183 0018 2046     		mov	r0, r4
 184 001a FFF7FEFF 		bl	PWM_WriteCompare2
 185              	.LVL18:
  72:ZumoLibrary/Motor.c ****     CyDelay(delay);
 186              		.loc 1 72 0
 187 001e 2846     		mov	r0, r5
 188 0020 FFF7FEFF 		bl	CyDelay
 189              	.LVL19:
 190 0024 38BD     		pop	{r3, r4, r5, pc}
 191              		.cfi_endproc
 192              	.LFE67:
 193              		.size	motor_backward, .-motor_backward
 194 0026 00BF     		.section	.text.motor_sharp_turn,"ax",%progbits
 195              		.align	2
 196              		.global	motor_sharp_turn
 197              		.thumb
 198              		.thumb_func
 199              		.type	motor_sharp_turn, %function
 200              	motor_sharp_turn:
 201              	.LFB68:
  73:ZumoLibrary/Motor.c **** }
  74:ZumoLibrary/Motor.c **** void motor_sharp_turn(int l_dir, int r_dir, uint8 l_speed, uint8 r_speed, uint32 delay)
  75:ZumoLibrary/Motor.c **** {
 202              		.loc 1 75 0
 203              		.cfi_startproc
 204              		@ args = 4, pretend = 0, frame = 0
 205              		@ frame_needed = 0, uses_anonymous_args = 0
 206              	.LVL20:
 207 0000 70B5     		push	{r4, r5, r6, lr}
 208              		.cfi_def_cfa_offset 16
 209              		.cfi_offset 4, -16
 210              		.cfi_offset 5, -12
ARM GAS  C:\Users\wille\AppData\Local\Temp\cc5UuPxd.s 			page 6


 211              		.cfi_offset 6, -8
 212              		.cfi_offset 14, -4
 213 0002 0E46     		mov	r6, r1
 214 0004 1546     		mov	r5, r2
 215 0006 1C46     		mov	r4, r3
  76:ZumoLibrary/Motor.c ****     MotorDirLeft_Write(l_dir);
 216              		.loc 1 76 0
 217 0008 C0B2     		uxtb	r0, r0
 218              	.LVL21:
 219 000a FFF7FEFF 		bl	MotorDirLeft_Write
 220              	.LVL22:
  77:ZumoLibrary/Motor.c ****     MotorDirRight_Write(r_dir);
 221              		.loc 1 77 0
 222 000e F0B2     		uxtb	r0, r6
 223 0010 FFF7FEFF 		bl	MotorDirRight_Write
 224              	.LVL23:
  78:ZumoLibrary/Motor.c ****     PWM_WriteCompare1(l_speed);
 225              		.loc 1 78 0
 226 0014 2846     		mov	r0, r5
 227 0016 FFF7FEFF 		bl	PWM_WriteCompare1
 228              	.LVL24:
  79:ZumoLibrary/Motor.c ****     PWM_WriteCompare2(r_speed);
 229              		.loc 1 79 0
 230 001a 2046     		mov	r0, r4
 231 001c FFF7FEFF 		bl	PWM_WriteCompare2
 232              	.LVL25:
  80:ZumoLibrary/Motor.c ****     CyDelay(delay);
 233              		.loc 1 80 0
 234 0020 0498     		ldr	r0, [sp, #16]
 235 0022 FFF7FEFF 		bl	CyDelay
 236              	.LVL26:
 237 0026 70BD     		pop	{r4, r5, r6, pc}
 238              		.cfi_endproc
 239              	.LFE68:
 240              		.size	motor_sharp_turn, .-motor_sharp_turn
 241              		.text
 242              	.Letext0:
 243              		.file 2 "d:\\koulu\\laitteet\\psoc\\psoc creator\\4.1\\psoc creator\\import\\gnu\\arm\\5.4.1\\arm-
 244              		.file 3 "d:\\koulu\\laitteet\\psoc\\psoc creator\\4.1\\psoc creator\\import\\gnu\\arm\\5.4.1\\arm-
 245              		.file 4 "Generated_Source\\PSoC5/cytypes.h"
 246              		.file 5 "Generated_Source\\PSoC5/PWM.h"
 247              		.file 6 "Generated_Source\\PSoC5/MotorDirLeft.h"
 248              		.file 7 "Generated_Source\\PSoC5/MotorDirRight.h"
 249              		.file 8 "Generated_Source\\PSoC5/CyLib.h"
 250              		.file 9 "Generated_Source\\PSoC5/core_cm3.h"
 251              		.section	.debug_info,"",%progbits
 252              	.Ldebug_info0:
 253 0000 AB030000 		.4byte	0x3ab
 254 0004 0400     		.2byte	0x4
 255 0006 00000000 		.4byte	.Ldebug_abbrev0
 256 000a 04       		.byte	0x4
 257 000b 01       		.uleb128 0x1
 258 000c 69000000 		.4byte	.LASF37
 259 0010 0C       		.byte	0xc
 260 0011 4F010000 		.4byte	.LASF38
 261 0015 FF010000 		.4byte	.LASF39
 262 0019 00000000 		.4byte	.Ldebug_ranges0+0
ARM GAS  C:\Users\wille\AppData\Local\Temp\cc5UuPxd.s 			page 7


 263 001d 00000000 		.4byte	0
 264 0021 00000000 		.4byte	.Ldebug_line0
 265 0025 02       		.uleb128 0x2
 266 0026 01       		.byte	0x1
 267 0027 06       		.byte	0x6
 268 0028 49000000 		.4byte	.LASF0
 269 002c 02       		.uleb128 0x2
 270 002d 01       		.byte	0x1
 271 002e 08       		.byte	0x8
 272 002f 5B000000 		.4byte	.LASF1
 273 0033 02       		.uleb128 0x2
 274 0034 02       		.byte	0x2
 275 0035 05       		.byte	0x5
 276 0036 36020000 		.4byte	.LASF2
 277 003a 02       		.uleb128 0x2
 278 003b 02       		.byte	0x2
 279 003c 07       		.byte	0x7
 280 003d 73020000 		.4byte	.LASF3
 281 0041 03       		.uleb128 0x3
 282 0042 00000000 		.4byte	.LASF9
 283 0046 02       		.byte	0x2
 284 0047 3F       		.byte	0x3f
 285 0048 4C000000 		.4byte	0x4c
 286 004c 02       		.uleb128 0x2
 287 004d 04       		.byte	0x4
 288 004e 05       		.byte	0x5
 289 004f 53020000 		.4byte	.LASF4
 290 0053 02       		.uleb128 0x2
 291 0054 04       		.byte	0x4
 292 0055 07       		.byte	0x7
 293 0056 F7000000 		.4byte	.LASF5
 294 005a 02       		.uleb128 0x2
 295 005b 08       		.byte	0x8
 296 005c 05       		.byte	0x5
 297 005d EC010000 		.4byte	.LASF6
 298 0061 02       		.uleb128 0x2
 299 0062 08       		.byte	0x8
 300 0063 07       		.byte	0x7
 301 0064 90010000 		.4byte	.LASF7
 302 0068 04       		.uleb128 0x4
 303 0069 04       		.byte	0x4
 304 006a 05       		.byte	0x5
 305 006b 696E7400 		.ascii	"int\000"
 306 006f 02       		.uleb128 0x2
 307 0070 04       		.byte	0x4
 308 0071 07       		.byte	0x7
 309 0072 7B010000 		.4byte	.LASF8
 310 0076 03       		.uleb128 0x3
 311 0077 3B000000 		.4byte	.LASF10
 312 007b 03       		.byte	0x3
 313 007c 2C       		.byte	0x2c
 314 007d 41000000 		.4byte	0x41
 315 0081 05       		.uleb128 0x5
 316 0082 35000000 		.4byte	.LASF11
 317 0086 04       		.byte	0x4
 318 0087 9201     		.2byte	0x192
 319 0089 2C000000 		.4byte	0x2c
ARM GAS  C:\Users\wille\AppData\Local\Temp\cc5UuPxd.s 			page 8


 320 008d 05       		.uleb128 0x5
 321 008e 63010000 		.4byte	.LASF12
 322 0092 04       		.byte	0x4
 323 0093 9401     		.2byte	0x194
 324 0095 53000000 		.4byte	0x53
 325 0099 02       		.uleb128 0x2
 326 009a 04       		.byte	0x4
 327 009b 04       		.byte	0x4
 328 009c 43000000 		.4byte	.LASF13
 329 00a0 02       		.uleb128 0x2
 330 00a1 08       		.byte	0x8
 331 00a2 04       		.byte	0x4
 332 00a3 3D010000 		.4byte	.LASF14
 333 00a7 02       		.uleb128 0x2
 334 00a8 01       		.byte	0x1
 335 00a9 08       		.byte	0x8
 336 00aa FA010000 		.4byte	.LASF15
 337 00ae 02       		.uleb128 0x2
 338 00af 08       		.byte	0x8
 339 00b0 04       		.byte	0x4
 340 00b1 5C020000 		.4byte	.LASF16
 341 00b5 02       		.uleb128 0x2
 342 00b6 04       		.byte	0x4
 343 00b7 07       		.byte	0x7
 344 00b8 DD010000 		.4byte	.LASF17
 345 00bc 06       		.uleb128 0x6
 346 00bd A7010000 		.4byte	.LASF18
 347 00c1 01       		.byte	0x1
 348 00c2 0D       		.byte	0xd
 349 00c3 00000000 		.4byte	.LFB63
 350 00c7 08000000 		.4byte	.LFE63-.LFB63
 351 00cb 01       		.uleb128 0x1
 352 00cc 9C       		.byte	0x9c
 353 00cd DB000000 		.4byte	0xdb
 354 00d1 07       		.uleb128 0x7
 355 00d2 06000000 		.4byte	.LVL0
 356 00d6 61030000 		.4byte	0x361
 357 00da 00       		.byte	0
 358 00db 06       		.uleb128 0x6
 359 00dc 44010000 		.4byte	.LASF19
 360 00e0 01       		.byte	0x1
 361 00e1 17       		.byte	0x17
 362 00e2 00000000 		.4byte	.LFB64
 363 00e6 08000000 		.4byte	.LFE64-.LFB64
 364 00ea 01       		.uleb128 0x1
 365 00eb 9C       		.byte	0x9c
 366 00ec FA000000 		.4byte	0xfa
 367 00f0 07       		.uleb128 0x7
 368 00f1 06000000 		.4byte	.LVL1
 369 00f5 6C030000 		.4byte	0x36c
 370 00f9 00       		.byte	0
 371 00fa 08       		.uleb128 0x8
 372 00fb 2F010000 		.4byte	.LASF22
 373 00ff 01       		.byte	0x1
 374 0100 23       		.byte	0x23
 375 0101 00000000 		.4byte	.LFB65
 376 0105 26000000 		.4byte	.LFE65-.LFB65
ARM GAS  C:\Users\wille\AppData\Local\Temp\cc5UuPxd.s 			page 9


 377 0109 01       		.uleb128 0x1
 378 010a 9C       		.byte	0x9c
 379 010b 8C010000 		.4byte	0x18c
 380 010f 09       		.uleb128 0x9
 381 0110 D7010000 		.4byte	.LASF20
 382 0114 01       		.byte	0x1
 383 0115 23       		.byte	0x23
 384 0116 81000000 		.4byte	0x81
 385 011a 00000000 		.4byte	.LLST0
 386 011e 09       		.uleb128 0x9
 387 011f 55000000 		.4byte	.LASF21
 388 0123 01       		.byte	0x1
 389 0124 23       		.byte	0x23
 390 0125 8D000000 		.4byte	0x8d
 391 0129 21000000 		.4byte	.LLST1
 392 012d 0A       		.uleb128 0xa
 393 012e 0C000000 		.4byte	.LVL4
 394 0132 77030000 		.4byte	0x377
 395 0136 40010000 		.4byte	0x140
 396 013a 0B       		.uleb128 0xb
 397 013b 01       		.uleb128 0x1
 398 013c 50       		.byte	0x50
 399 013d 01       		.uleb128 0x1
 400 013e 30       		.byte	0x30
 401 013f 00       		.byte	0
 402 0140 0A       		.uleb128 0xa
 403 0141 12000000 		.4byte	.LVL5
 404 0145 82030000 		.4byte	0x382
 405 0149 53010000 		.4byte	0x153
 406 014d 0B       		.uleb128 0xb
 407 014e 01       		.uleb128 0x1
 408 014f 50       		.byte	0x50
 409 0150 01       		.uleb128 0x1
 410 0151 30       		.byte	0x30
 411 0152 00       		.byte	0
 412 0153 0A       		.uleb128 0xa
 413 0154 18000000 		.4byte	.LVL6
 414 0158 8D030000 		.4byte	0x38d
 415 015c 67010000 		.4byte	0x167
 416 0160 0B       		.uleb128 0xb
 417 0161 01       		.uleb128 0x1
 418 0162 50       		.byte	0x50
 419 0163 02       		.uleb128 0x2
 420 0164 74       		.byte	0x74
 421 0165 00       		.sleb128 0
 422 0166 00       		.byte	0
 423 0167 0A       		.uleb128 0xa
 424 0168 1E000000 		.4byte	.LVL7
 425 016c 98030000 		.4byte	0x398
 426 0170 7B010000 		.4byte	0x17b
 427 0174 0B       		.uleb128 0xb
 428 0175 01       		.uleb128 0x1
 429 0176 50       		.byte	0x50
 430 0177 02       		.uleb128 0x2
 431 0178 74       		.byte	0x74
 432 0179 00       		.sleb128 0
 433 017a 00       		.byte	0
ARM GAS  C:\Users\wille\AppData\Local\Temp\cc5UuPxd.s 			page 10


 434 017b 0C       		.uleb128 0xc
 435 017c 24000000 		.4byte	.LVL8
 436 0180 A3030000 		.4byte	0x3a3
 437 0184 0B       		.uleb128 0xb
 438 0185 01       		.uleb128 0x1
 439 0186 50       		.byte	0x50
 440 0187 02       		.uleb128 0x2
 441 0188 75       		.byte	0x75
 442 0189 00       		.sleb128 0
 443 018a 00       		.byte	0
 444 018b 00       		.byte	0
 445 018c 08       		.uleb128 0x8
 446 018d 68020000 		.4byte	.LASF23
 447 0191 01       		.byte	0x1
 448 0192 34       		.byte	0x34
 449 0193 00000000 		.4byte	.LFB66
 450 0197 18000000 		.4byte	.LFE66-.LFB66
 451 019b 01       		.uleb128 0x1
 452 019c 9C       		.byte	0x9c
 453 019d FC010000 		.4byte	0x1fc
 454 01a1 09       		.uleb128 0x9
 455 01a2 88010000 		.4byte	.LASF24
 456 01a6 01       		.byte	0x1
 457 01a7 34       		.byte	0x34
 458 01a8 81000000 		.4byte	0x81
 459 01ac 3F000000 		.4byte	.LLST2
 460 01b0 09       		.uleb128 0x9
 461 01b1 19000000 		.4byte	.LASF25
 462 01b5 01       		.byte	0x1
 463 01b6 34       		.byte	0x34
 464 01b7 81000000 		.4byte	0x81
 465 01bb 60000000 		.4byte	.LLST3
 466 01bf 09       		.uleb128 0x9
 467 01c0 55000000 		.4byte	.LASF21
 468 01c4 01       		.byte	0x1
 469 01c5 34       		.byte	0x34
 470 01c6 8D000000 		.4byte	0x8d
 471 01ca 81000000 		.4byte	.LLST4
 472 01ce 07       		.uleb128 0x7
 473 01cf 0A000000 		.4byte	.LVL10
 474 01d3 8D030000 		.4byte	0x38d
 475 01d7 0A       		.uleb128 0xa
 476 01d8 10000000 		.4byte	.LVL11
 477 01dc 98030000 		.4byte	0x398
 478 01e0 EB010000 		.4byte	0x1eb
 479 01e4 0B       		.uleb128 0xb
 480 01e5 01       		.uleb128 0x1
 481 01e6 50       		.byte	0x50
 482 01e7 02       		.uleb128 0x2
 483 01e8 75       		.byte	0x75
 484 01e9 00       		.sleb128 0
 485 01ea 00       		.byte	0
 486 01eb 0C       		.uleb128 0xc
 487 01ec 16000000 		.4byte	.LVL12
 488 01f0 A3030000 		.4byte	0x3a3
 489 01f4 0B       		.uleb128 0xb
 490 01f5 01       		.uleb128 0x1
ARM GAS  C:\Users\wille\AppData\Local\Temp\cc5UuPxd.s 			page 11


 491 01f6 50       		.byte	0x50
 492 01f7 02       		.uleb128 0x2
 493 01f8 74       		.byte	0x74
 494 01f9 00       		.sleb128 0
 495 01fa 00       		.byte	0
 496 01fb 00       		.byte	0
 497 01fc 08       		.uleb128 0x8
 498 01fd 0A000000 		.4byte	.LASF26
 499 0201 01       		.byte	0x1
 500 0202 42       		.byte	0x42
 501 0203 00000000 		.4byte	.LFB67
 502 0207 26000000 		.4byte	.LFE67-.LFB67
 503 020b 01       		.uleb128 0x1
 504 020c 9C       		.byte	0x9c
 505 020d 8E020000 		.4byte	0x28e
 506 0211 09       		.uleb128 0x9
 507 0212 D7010000 		.4byte	.LASF20
 508 0216 01       		.byte	0x1
 509 0217 42       		.byte	0x42
 510 0218 81000000 		.4byte	0x81
 511 021c 9F000000 		.4byte	.LLST5
 512 0220 09       		.uleb128 0x9
 513 0221 55000000 		.4byte	.LASF21
 514 0225 01       		.byte	0x1
 515 0226 42       		.byte	0x42
 516 0227 8D000000 		.4byte	0x8d
 517 022b C0000000 		.4byte	.LLST6
 518 022f 0A       		.uleb128 0xa
 519 0230 0C000000 		.4byte	.LVL15
 520 0234 77030000 		.4byte	0x377
 521 0238 42020000 		.4byte	0x242
 522 023c 0B       		.uleb128 0xb
 523 023d 01       		.uleb128 0x1
 524 023e 50       		.byte	0x50
 525 023f 01       		.uleb128 0x1
 526 0240 31       		.byte	0x31
 527 0241 00       		.byte	0
 528 0242 0A       		.uleb128 0xa
 529 0243 12000000 		.4byte	.LVL16
 530 0247 82030000 		.4byte	0x382
 531 024b 55020000 		.4byte	0x255
 532 024f 0B       		.uleb128 0xb
 533 0250 01       		.uleb128 0x1
 534 0251 50       		.byte	0x50
 535 0252 01       		.uleb128 0x1
 536 0253 31       		.byte	0x31
 537 0254 00       		.byte	0
 538 0255 0A       		.uleb128 0xa
 539 0256 18000000 		.4byte	.LVL17
 540 025a 8D030000 		.4byte	0x38d
 541 025e 69020000 		.4byte	0x269
 542 0262 0B       		.uleb128 0xb
 543 0263 01       		.uleb128 0x1
 544 0264 50       		.byte	0x50
 545 0265 02       		.uleb128 0x2
 546 0266 74       		.byte	0x74
 547 0267 00       		.sleb128 0
ARM GAS  C:\Users\wille\AppData\Local\Temp\cc5UuPxd.s 			page 12


 548 0268 00       		.byte	0
 549 0269 0A       		.uleb128 0xa
 550 026a 1E000000 		.4byte	.LVL18
 551 026e 98030000 		.4byte	0x398
 552 0272 7D020000 		.4byte	0x27d
 553 0276 0B       		.uleb128 0xb
 554 0277 01       		.uleb128 0x1
 555 0278 50       		.byte	0x50
 556 0279 02       		.uleb128 0x2
 557 027a 74       		.byte	0x74
 558 027b 00       		.sleb128 0
 559 027c 00       		.byte	0
 560 027d 0C       		.uleb128 0xc
 561 027e 24000000 		.4byte	.LVL19
 562 0282 A3030000 		.4byte	0x3a3
 563 0286 0B       		.uleb128 0xb
 564 0287 01       		.uleb128 0x1
 565 0288 50       		.byte	0x50
 566 0289 02       		.uleb128 0x2
 567 028a 75       		.byte	0x75
 568 028b 00       		.sleb128 0
 569 028c 00       		.byte	0
 570 028d 00       		.byte	0
 571 028e 08       		.uleb128 0x8
 572 028f 6A010000 		.4byte	.LASF27
 573 0293 01       		.byte	0x1
 574 0294 4A       		.byte	0x4a
 575 0295 00000000 		.4byte	.LFB68
 576 0299 28000000 		.4byte	.LFE68-.LFB68
 577 029d 01       		.uleb128 0x1
 578 029e 9C       		.byte	0x9c
 579 029f 50030000 		.4byte	0x350
 580 02a3 09       		.uleb128 0x9
 581 02a4 09010000 		.4byte	.LASF28
 582 02a8 01       		.byte	0x1
 583 02a9 4A       		.byte	0x4a
 584 02aa 68000000 		.4byte	0x68
 585 02ae DE000000 		.4byte	.LLST7
 586 02b2 09       		.uleb128 0x9
 587 02b3 E6010000 		.4byte	.LASF29
 588 02b7 01       		.byte	0x1
 589 02b8 4A       		.byte	0x4a
 590 02b9 68000000 		.4byte	0x68
 591 02bd FF000000 		.4byte	.LLST8
 592 02c1 09       		.uleb128 0x9
 593 02c2 88010000 		.4byte	.LASF24
 594 02c6 01       		.byte	0x1
 595 02c7 4A       		.byte	0x4a
 596 02c8 81000000 		.4byte	0x81
 597 02cc 1D010000 		.4byte	.LLST9
 598 02d0 09       		.uleb128 0x9
 599 02d1 19000000 		.4byte	.LASF25
 600 02d5 01       		.byte	0x1
 601 02d6 4A       		.byte	0x4a
 602 02d7 81000000 		.4byte	0x81
 603 02db 3E010000 		.4byte	.LLST10
 604 02df 0D       		.uleb128 0xd
ARM GAS  C:\Users\wille\AppData\Local\Temp\cc5UuPxd.s 			page 13


 605 02e0 55000000 		.4byte	.LASF21
 606 02e4 01       		.byte	0x1
 607 02e5 4A       		.byte	0x4a
 608 02e6 8D000000 		.4byte	0x8d
 609 02ea 02       		.uleb128 0x2
 610 02eb 91       		.byte	0x91
 611 02ec 00       		.sleb128 0
 612 02ed 0A       		.uleb128 0xa
 613 02ee 0E000000 		.4byte	.LVL22
 614 02f2 77030000 		.4byte	0x377
 615 02f6 02030000 		.4byte	0x302
 616 02fa 0B       		.uleb128 0xb
 617 02fb 01       		.uleb128 0x1
 618 02fc 50       		.byte	0x50
 619 02fd 03       		.uleb128 0x3
 620 02fe F3       		.byte	0xf3
 621 02ff 01       		.uleb128 0x1
 622 0300 50       		.byte	0x50
 623 0301 00       		.byte	0
 624 0302 0A       		.uleb128 0xa
 625 0303 14000000 		.4byte	.LVL23
 626 0307 82030000 		.4byte	0x382
 627 030b 16030000 		.4byte	0x316
 628 030f 0B       		.uleb128 0xb
 629 0310 01       		.uleb128 0x1
 630 0311 50       		.byte	0x50
 631 0312 02       		.uleb128 0x2
 632 0313 76       		.byte	0x76
 633 0314 00       		.sleb128 0
 634 0315 00       		.byte	0
 635 0316 0A       		.uleb128 0xa
 636 0317 1A000000 		.4byte	.LVL24
 637 031b 8D030000 		.4byte	0x38d
 638 031f 2A030000 		.4byte	0x32a
 639 0323 0B       		.uleb128 0xb
 640 0324 01       		.uleb128 0x1
 641 0325 50       		.byte	0x50
 642 0326 02       		.uleb128 0x2
 643 0327 75       		.byte	0x75
 644 0328 00       		.sleb128 0
 645 0329 00       		.byte	0
 646 032a 0A       		.uleb128 0xa
 647 032b 20000000 		.4byte	.LVL25
 648 032f 98030000 		.4byte	0x398
 649 0333 3E030000 		.4byte	0x33e
 650 0337 0B       		.uleb128 0xb
 651 0338 01       		.uleb128 0x1
 652 0339 50       		.byte	0x50
 653 033a 02       		.uleb128 0x2
 654 033b 74       		.byte	0x74
 655 033c 00       		.sleb128 0
 656 033d 00       		.byte	0
 657 033e 0C       		.uleb128 0xc
 658 033f 26000000 		.4byte	.LVL26
 659 0343 A3030000 		.4byte	0x3a3
 660 0347 0B       		.uleb128 0xb
 661 0348 01       		.uleb128 0x1
ARM GAS  C:\Users\wille\AppData\Local\Temp\cc5UuPxd.s 			page 14


 662 0349 50       		.byte	0x50
 663 034a 03       		.uleb128 0x3
 664 034b 91       		.byte	0x91
 665 034c 00       		.sleb128 0
 666 034d 06       		.byte	0x6
 667 034e 00       		.byte	0
 668 034f 00       		.byte	0
 669 0350 0E       		.uleb128 0xe
 670 0351 22010000 		.4byte	.LASF40
 671 0355 09       		.byte	0x9
 672 0356 9606     		.2byte	0x696
 673 0358 5C030000 		.4byte	0x35c
 674 035c 0F       		.uleb128 0xf
 675 035d 76000000 		.4byte	0x76
 676 0361 10       		.uleb128 0x10
 677 0362 40020000 		.4byte	.LASF30
 678 0366 40020000 		.4byte	.LASF30
 679 036a 05       		.byte	0x5
 680 036b 92       		.byte	0x92
 681 036c 10       		.uleb128 0x10
 682 036d 4A020000 		.4byte	.LASF31
 683 0371 4A020000 		.4byte	.LASF31
 684 0375 05       		.byte	0x5
 685 0376 93       		.byte	0x93
 686 0377 10       		.uleb128 0x10
 687 0378 0F010000 		.4byte	.LASF32
 688 037c 0F010000 		.4byte	.LASF32
 689 0380 06       		.byte	0x6
 690 0381 26       		.byte	0x26
 691 0382 10       		.uleb128 0x10
 692 0383 21000000 		.4byte	.LASF33
 693 0387 21000000 		.4byte	.LASF33
 694 038b 07       		.byte	0x7
 695 038c 26       		.byte	0x26
 696 038d 10       		.uleb128 0x10
 697 038e B3010000 		.4byte	.LASF34
 698 0392 B3010000 		.4byte	.LASF34
 699 0396 05       		.byte	0x5
 700 0397 C7       		.byte	0xc7
 701 0398 10       		.uleb128 0x10
 702 0399 C5010000 		.4byte	.LASF35
 703 039d C5010000 		.4byte	.LASF35
 704 03a1 05       		.byte	0x5
 705 03a2 CA       		.byte	0xca
 706 03a3 10       		.uleb128 0x10
 707 03a4 86020000 		.4byte	.LASF36
 708 03a8 86020000 		.4byte	.LASF36
 709 03ac 08       		.byte	0x8
 710 03ad 76       		.byte	0x76
 711 03ae 00       		.byte	0
 712              		.section	.debug_abbrev,"",%progbits
 713              	.Ldebug_abbrev0:
 714 0000 01       		.uleb128 0x1
 715 0001 11       		.uleb128 0x11
 716 0002 01       		.byte	0x1
 717 0003 25       		.uleb128 0x25
 718 0004 0E       		.uleb128 0xe
ARM GAS  C:\Users\wille\AppData\Local\Temp\cc5UuPxd.s 			page 15


 719 0005 13       		.uleb128 0x13
 720 0006 0B       		.uleb128 0xb
 721 0007 03       		.uleb128 0x3
 722 0008 0E       		.uleb128 0xe
 723 0009 1B       		.uleb128 0x1b
 724 000a 0E       		.uleb128 0xe
 725 000b 55       		.uleb128 0x55
 726 000c 17       		.uleb128 0x17
 727 000d 11       		.uleb128 0x11
 728 000e 01       		.uleb128 0x1
 729 000f 10       		.uleb128 0x10
 730 0010 17       		.uleb128 0x17
 731 0011 00       		.byte	0
 732 0012 00       		.byte	0
 733 0013 02       		.uleb128 0x2
 734 0014 24       		.uleb128 0x24
 735 0015 00       		.byte	0
 736 0016 0B       		.uleb128 0xb
 737 0017 0B       		.uleb128 0xb
 738 0018 3E       		.uleb128 0x3e
 739 0019 0B       		.uleb128 0xb
 740 001a 03       		.uleb128 0x3
 741 001b 0E       		.uleb128 0xe
 742 001c 00       		.byte	0
 743 001d 00       		.byte	0
 744 001e 03       		.uleb128 0x3
 745 001f 16       		.uleb128 0x16
 746 0020 00       		.byte	0
 747 0021 03       		.uleb128 0x3
 748 0022 0E       		.uleb128 0xe
 749 0023 3A       		.uleb128 0x3a
 750 0024 0B       		.uleb128 0xb
 751 0025 3B       		.uleb128 0x3b
 752 0026 0B       		.uleb128 0xb
 753 0027 49       		.uleb128 0x49
 754 0028 13       		.uleb128 0x13
 755 0029 00       		.byte	0
 756 002a 00       		.byte	0
 757 002b 04       		.uleb128 0x4
 758 002c 24       		.uleb128 0x24
 759 002d 00       		.byte	0
 760 002e 0B       		.uleb128 0xb
 761 002f 0B       		.uleb128 0xb
 762 0030 3E       		.uleb128 0x3e
 763 0031 0B       		.uleb128 0xb
 764 0032 03       		.uleb128 0x3
 765 0033 08       		.uleb128 0x8
 766 0034 00       		.byte	0
 767 0035 00       		.byte	0
 768 0036 05       		.uleb128 0x5
 769 0037 16       		.uleb128 0x16
 770 0038 00       		.byte	0
 771 0039 03       		.uleb128 0x3
 772 003a 0E       		.uleb128 0xe
 773 003b 3A       		.uleb128 0x3a
 774 003c 0B       		.uleb128 0xb
 775 003d 3B       		.uleb128 0x3b
ARM GAS  C:\Users\wille\AppData\Local\Temp\cc5UuPxd.s 			page 16


 776 003e 05       		.uleb128 0x5
 777 003f 49       		.uleb128 0x49
 778 0040 13       		.uleb128 0x13
 779 0041 00       		.byte	0
 780 0042 00       		.byte	0
 781 0043 06       		.uleb128 0x6
 782 0044 2E       		.uleb128 0x2e
 783 0045 01       		.byte	0x1
 784 0046 3F       		.uleb128 0x3f
 785 0047 19       		.uleb128 0x19
 786 0048 03       		.uleb128 0x3
 787 0049 0E       		.uleb128 0xe
 788 004a 3A       		.uleb128 0x3a
 789 004b 0B       		.uleb128 0xb
 790 004c 3B       		.uleb128 0x3b
 791 004d 0B       		.uleb128 0xb
 792 004e 11       		.uleb128 0x11
 793 004f 01       		.uleb128 0x1
 794 0050 12       		.uleb128 0x12
 795 0051 06       		.uleb128 0x6
 796 0052 40       		.uleb128 0x40
 797 0053 18       		.uleb128 0x18
 798 0054 9742     		.uleb128 0x2117
 799 0056 19       		.uleb128 0x19
 800 0057 01       		.uleb128 0x1
 801 0058 13       		.uleb128 0x13
 802 0059 00       		.byte	0
 803 005a 00       		.byte	0
 804 005b 07       		.uleb128 0x7
 805 005c 898201   		.uleb128 0x4109
 806 005f 00       		.byte	0
 807 0060 11       		.uleb128 0x11
 808 0061 01       		.uleb128 0x1
 809 0062 31       		.uleb128 0x31
 810 0063 13       		.uleb128 0x13
 811 0064 00       		.byte	0
 812 0065 00       		.byte	0
 813 0066 08       		.uleb128 0x8
 814 0067 2E       		.uleb128 0x2e
 815 0068 01       		.byte	0x1
 816 0069 3F       		.uleb128 0x3f
 817 006a 19       		.uleb128 0x19
 818 006b 03       		.uleb128 0x3
 819 006c 0E       		.uleb128 0xe
 820 006d 3A       		.uleb128 0x3a
 821 006e 0B       		.uleb128 0xb
 822 006f 3B       		.uleb128 0x3b
 823 0070 0B       		.uleb128 0xb
 824 0071 27       		.uleb128 0x27
 825 0072 19       		.uleb128 0x19
 826 0073 11       		.uleb128 0x11
 827 0074 01       		.uleb128 0x1
 828 0075 12       		.uleb128 0x12
 829 0076 06       		.uleb128 0x6
 830 0077 40       		.uleb128 0x40
 831 0078 18       		.uleb128 0x18
 832 0079 9742     		.uleb128 0x2117
ARM GAS  C:\Users\wille\AppData\Local\Temp\cc5UuPxd.s 			page 17


 833 007b 19       		.uleb128 0x19
 834 007c 01       		.uleb128 0x1
 835 007d 13       		.uleb128 0x13
 836 007e 00       		.byte	0
 837 007f 00       		.byte	0
 838 0080 09       		.uleb128 0x9
 839 0081 05       		.uleb128 0x5
 840 0082 00       		.byte	0
 841 0083 03       		.uleb128 0x3
 842 0084 0E       		.uleb128 0xe
 843 0085 3A       		.uleb128 0x3a
 844 0086 0B       		.uleb128 0xb
 845 0087 3B       		.uleb128 0x3b
 846 0088 0B       		.uleb128 0xb
 847 0089 49       		.uleb128 0x49
 848 008a 13       		.uleb128 0x13
 849 008b 02       		.uleb128 0x2
 850 008c 17       		.uleb128 0x17
 851 008d 00       		.byte	0
 852 008e 00       		.byte	0
 853 008f 0A       		.uleb128 0xa
 854 0090 898201   		.uleb128 0x4109
 855 0093 01       		.byte	0x1
 856 0094 11       		.uleb128 0x11
 857 0095 01       		.uleb128 0x1
 858 0096 31       		.uleb128 0x31
 859 0097 13       		.uleb128 0x13
 860 0098 01       		.uleb128 0x1
 861 0099 13       		.uleb128 0x13
 862 009a 00       		.byte	0
 863 009b 00       		.byte	0
 864 009c 0B       		.uleb128 0xb
 865 009d 8A8201   		.uleb128 0x410a
 866 00a0 00       		.byte	0
 867 00a1 02       		.uleb128 0x2
 868 00a2 18       		.uleb128 0x18
 869 00a3 9142     		.uleb128 0x2111
 870 00a5 18       		.uleb128 0x18
 871 00a6 00       		.byte	0
 872 00a7 00       		.byte	0
 873 00a8 0C       		.uleb128 0xc
 874 00a9 898201   		.uleb128 0x4109
 875 00ac 01       		.byte	0x1
 876 00ad 11       		.uleb128 0x11
 877 00ae 01       		.uleb128 0x1
 878 00af 31       		.uleb128 0x31
 879 00b0 13       		.uleb128 0x13
 880 00b1 00       		.byte	0
 881 00b2 00       		.byte	0
 882 00b3 0D       		.uleb128 0xd
 883 00b4 05       		.uleb128 0x5
 884 00b5 00       		.byte	0
 885 00b6 03       		.uleb128 0x3
 886 00b7 0E       		.uleb128 0xe
 887 00b8 3A       		.uleb128 0x3a
 888 00b9 0B       		.uleb128 0xb
 889 00ba 3B       		.uleb128 0x3b
ARM GAS  C:\Users\wille\AppData\Local\Temp\cc5UuPxd.s 			page 18


 890 00bb 0B       		.uleb128 0xb
 891 00bc 49       		.uleb128 0x49
 892 00bd 13       		.uleb128 0x13
 893 00be 02       		.uleb128 0x2
 894 00bf 18       		.uleb128 0x18
 895 00c0 00       		.byte	0
 896 00c1 00       		.byte	0
 897 00c2 0E       		.uleb128 0xe
 898 00c3 34       		.uleb128 0x34
 899 00c4 00       		.byte	0
 900 00c5 03       		.uleb128 0x3
 901 00c6 0E       		.uleb128 0xe
 902 00c7 3A       		.uleb128 0x3a
 903 00c8 0B       		.uleb128 0xb
 904 00c9 3B       		.uleb128 0x3b
 905 00ca 05       		.uleb128 0x5
 906 00cb 49       		.uleb128 0x49
 907 00cc 13       		.uleb128 0x13
 908 00cd 3F       		.uleb128 0x3f
 909 00ce 19       		.uleb128 0x19
 910 00cf 3C       		.uleb128 0x3c
 911 00d0 19       		.uleb128 0x19
 912 00d1 00       		.byte	0
 913 00d2 00       		.byte	0
 914 00d3 0F       		.uleb128 0xf
 915 00d4 35       		.uleb128 0x35
 916 00d5 00       		.byte	0
 917 00d6 49       		.uleb128 0x49
 918 00d7 13       		.uleb128 0x13
 919 00d8 00       		.byte	0
 920 00d9 00       		.byte	0
 921 00da 10       		.uleb128 0x10
 922 00db 2E       		.uleb128 0x2e
 923 00dc 00       		.byte	0
 924 00dd 3F       		.uleb128 0x3f
 925 00de 19       		.uleb128 0x19
 926 00df 3C       		.uleb128 0x3c
 927 00e0 19       		.uleb128 0x19
 928 00e1 6E       		.uleb128 0x6e
 929 00e2 0E       		.uleb128 0xe
 930 00e3 03       		.uleb128 0x3
 931 00e4 0E       		.uleb128 0xe
 932 00e5 3A       		.uleb128 0x3a
 933 00e6 0B       		.uleb128 0xb
 934 00e7 3B       		.uleb128 0x3b
 935 00e8 0B       		.uleb128 0xb
 936 00e9 00       		.byte	0
 937 00ea 00       		.byte	0
 938 00eb 00       		.byte	0
 939              		.section	.debug_loc,"",%progbits
 940              	.Ldebug_loc0:
 941              	.LLST0:
 942 0000 00000000 		.4byte	.LVL2
 943 0004 08000000 		.4byte	.LVL3
 944 0008 0100     		.2byte	0x1
 945 000a 50       		.byte	0x50
 946 000b 08000000 		.4byte	.LVL3
ARM GAS  C:\Users\wille\AppData\Local\Temp\cc5UuPxd.s 			page 19


 947 000f 26000000 		.4byte	.LFE65
 948 0013 0400     		.2byte	0x4
 949 0015 F3       		.byte	0xf3
 950 0016 01       		.uleb128 0x1
 951 0017 50       		.byte	0x50
 952 0018 9F       		.byte	0x9f
 953 0019 00000000 		.4byte	0
 954 001d 00000000 		.4byte	0
 955              	.LLST1:
 956 0021 00000000 		.4byte	.LVL2
 957 0025 0B000000 		.4byte	.LVL4-1
 958 0029 0100     		.2byte	0x1
 959 002b 51       		.byte	0x51
 960 002c 0B000000 		.4byte	.LVL4-1
 961 0030 26000000 		.4byte	.LFE65
 962 0034 0100     		.2byte	0x1
 963 0036 55       		.byte	0x55
 964 0037 00000000 		.4byte	0
 965 003b 00000000 		.4byte	0
 966              	.LLST2:
 967 003f 00000000 		.4byte	.LVL9
 968 0043 09000000 		.4byte	.LVL10-1
 969 0047 0100     		.2byte	0x1
 970 0049 50       		.byte	0x50
 971 004a 09000000 		.4byte	.LVL10-1
 972 004e 18000000 		.4byte	.LFE66
 973 0052 0400     		.2byte	0x4
 974 0054 F3       		.byte	0xf3
 975 0055 01       		.uleb128 0x1
 976 0056 50       		.byte	0x50
 977 0057 9F       		.byte	0x9f
 978 0058 00000000 		.4byte	0
 979 005c 00000000 		.4byte	0
 980              	.LLST3:
 981 0060 00000000 		.4byte	.LVL9
 982 0064 09000000 		.4byte	.LVL10-1
 983 0068 0100     		.2byte	0x1
 984 006a 51       		.byte	0x51
 985 006b 09000000 		.4byte	.LVL10-1
 986 006f 18000000 		.4byte	.LFE66
 987 0073 0400     		.2byte	0x4
 988 0075 F3       		.byte	0xf3
 989 0076 01       		.uleb128 0x1
 990 0077 51       		.byte	0x51
 991 0078 9F       		.byte	0x9f
 992 0079 00000000 		.4byte	0
 993 007d 00000000 		.4byte	0
 994              	.LLST4:
 995 0081 00000000 		.4byte	.LVL9
 996 0085 09000000 		.4byte	.LVL10-1
 997 0089 0100     		.2byte	0x1
 998 008b 52       		.byte	0x52
 999 008c 09000000 		.4byte	.LVL10-1
 1000 0090 18000000 		.4byte	.LFE66
 1001 0094 0100     		.2byte	0x1
 1002 0096 54       		.byte	0x54
 1003 0097 00000000 		.4byte	0
ARM GAS  C:\Users\wille\AppData\Local\Temp\cc5UuPxd.s 			page 20


 1004 009b 00000000 		.4byte	0
 1005              	.LLST5:
 1006 009f 00000000 		.4byte	.LVL13
 1007 00a3 08000000 		.4byte	.LVL14
 1008 00a7 0100     		.2byte	0x1
 1009 00a9 50       		.byte	0x50
 1010 00aa 08000000 		.4byte	.LVL14
 1011 00ae 26000000 		.4byte	.LFE67
 1012 00b2 0400     		.2byte	0x4
 1013 00b4 F3       		.byte	0xf3
 1014 00b5 01       		.uleb128 0x1
 1015 00b6 50       		.byte	0x50
 1016 00b7 9F       		.byte	0x9f
 1017 00b8 00000000 		.4byte	0
 1018 00bc 00000000 		.4byte	0
 1019              	.LLST6:
 1020 00c0 00000000 		.4byte	.LVL13
 1021 00c4 0B000000 		.4byte	.LVL15-1
 1022 00c8 0100     		.2byte	0x1
 1023 00ca 51       		.byte	0x51
 1024 00cb 0B000000 		.4byte	.LVL15-1
 1025 00cf 26000000 		.4byte	.LFE67
 1026 00d3 0100     		.2byte	0x1
 1027 00d5 55       		.byte	0x55
 1028 00d6 00000000 		.4byte	0
 1029 00da 00000000 		.4byte	0
 1030              	.LLST7:
 1031 00de 00000000 		.4byte	.LVL20
 1032 00e2 0A000000 		.4byte	.LVL21
 1033 00e6 0100     		.2byte	0x1
 1034 00e8 50       		.byte	0x50
 1035 00e9 0A000000 		.4byte	.LVL21
 1036 00ed 28000000 		.4byte	.LFE68
 1037 00f1 0400     		.2byte	0x4
 1038 00f3 F3       		.byte	0xf3
 1039 00f4 01       		.uleb128 0x1
 1040 00f5 50       		.byte	0x50
 1041 00f6 9F       		.byte	0x9f
 1042 00f7 00000000 		.4byte	0
 1043 00fb 00000000 		.4byte	0
 1044              	.LLST8:
 1045 00ff 00000000 		.4byte	.LVL20
 1046 0103 0D000000 		.4byte	.LVL22-1
 1047 0107 0100     		.2byte	0x1
 1048 0109 51       		.byte	0x51
 1049 010a 0D000000 		.4byte	.LVL22-1
 1050 010e 28000000 		.4byte	.LFE68
 1051 0112 0100     		.2byte	0x1
 1052 0114 56       		.byte	0x56
 1053 0115 00000000 		.4byte	0
 1054 0119 00000000 		.4byte	0
 1055              	.LLST9:
 1056 011d 00000000 		.4byte	.LVL20
 1057 0121 0D000000 		.4byte	.LVL22-1
 1058 0125 0100     		.2byte	0x1
 1059 0127 52       		.byte	0x52
 1060 0128 0D000000 		.4byte	.LVL22-1
ARM GAS  C:\Users\wille\AppData\Local\Temp\cc5UuPxd.s 			page 21


 1061 012c 28000000 		.4byte	.LFE68
 1062 0130 0400     		.2byte	0x4
 1063 0132 F3       		.byte	0xf3
 1064 0133 01       		.uleb128 0x1
 1065 0134 52       		.byte	0x52
 1066 0135 9F       		.byte	0x9f
 1067 0136 00000000 		.4byte	0
 1068 013a 00000000 		.4byte	0
 1069              	.LLST10:
 1070 013e 00000000 		.4byte	.LVL20
 1071 0142 0D000000 		.4byte	.LVL22-1
 1072 0146 0100     		.2byte	0x1
 1073 0148 53       		.byte	0x53
 1074 0149 0D000000 		.4byte	.LVL22-1
 1075 014d 28000000 		.4byte	.LFE68
 1076 0151 0400     		.2byte	0x4
 1077 0153 F3       		.byte	0xf3
 1078 0154 01       		.uleb128 0x1
 1079 0155 53       		.byte	0x53
 1080 0156 9F       		.byte	0x9f
 1081 0157 00000000 		.4byte	0
 1082 015b 00000000 		.4byte	0
 1083              		.section	.debug_aranges,"",%progbits
 1084 0000 44000000 		.4byte	0x44
 1085 0004 0200     		.2byte	0x2
 1086 0006 00000000 		.4byte	.Ldebug_info0
 1087 000a 04       		.byte	0x4
 1088 000b 00       		.byte	0
 1089 000c 0000     		.2byte	0
 1090 000e 0000     		.2byte	0
 1091 0010 00000000 		.4byte	.LFB63
 1092 0014 08000000 		.4byte	.LFE63-.LFB63
 1093 0018 00000000 		.4byte	.LFB64
 1094 001c 08000000 		.4byte	.LFE64-.LFB64
 1095 0020 00000000 		.4byte	.LFB65
 1096 0024 26000000 		.4byte	.LFE65-.LFB65
 1097 0028 00000000 		.4byte	.LFB66
 1098 002c 18000000 		.4byte	.LFE66-.LFB66
 1099 0030 00000000 		.4byte	.LFB67
 1100 0034 26000000 		.4byte	.LFE67-.LFB67
 1101 0038 00000000 		.4byte	.LFB68
 1102 003c 28000000 		.4byte	.LFE68-.LFB68
 1103 0040 00000000 		.4byte	0
 1104 0044 00000000 		.4byte	0
 1105              		.section	.debug_ranges,"",%progbits
 1106              	.Ldebug_ranges0:
 1107 0000 00000000 		.4byte	.LFB63
 1108 0004 08000000 		.4byte	.LFE63
 1109 0008 00000000 		.4byte	.LFB64
 1110 000c 08000000 		.4byte	.LFE64
 1111 0010 00000000 		.4byte	.LFB65
 1112 0014 26000000 		.4byte	.LFE65
 1113 0018 00000000 		.4byte	.LFB66
 1114 001c 18000000 		.4byte	.LFE66
 1115 0020 00000000 		.4byte	.LFB67
 1116 0024 26000000 		.4byte	.LFE67
 1117 0028 00000000 		.4byte	.LFB68
ARM GAS  C:\Users\wille\AppData\Local\Temp\cc5UuPxd.s 			page 22


 1118 002c 28000000 		.4byte	.LFE68
 1119 0030 00000000 		.4byte	0
 1120 0034 00000000 		.4byte	0
 1121              		.section	.debug_line,"",%progbits
 1122              	.Ldebug_line0:
 1123 0000 F8010000 		.section	.debug_str,"MS",%progbits,1
 1123      02008201 
 1123      00000201 
 1123      FB0E0D00 
 1123      01010101 
 1124              	.LASF9:
 1125 0000 5F5F696E 		.ascii	"__int32_t\000"
 1125      7433325F 
 1125      7400
 1126              	.LASF26:
 1127 000a 6D6F746F 		.ascii	"motor_backward\000"
 1127      725F6261 
 1127      636B7761 
 1127      726400
 1128              	.LASF25:
 1129 0019 725F7370 		.ascii	"r_speed\000"
 1129      65656400 
 1130              	.LASF33:
 1131 0021 4D6F746F 		.ascii	"MotorDirRight_Write\000"
 1131      72446972 
 1131      52696768 
 1131      745F5772 
 1131      69746500 
 1132              	.LASF11:
 1133 0035 75696E74 		.ascii	"uint8\000"
 1133      3800
 1134              	.LASF10:
 1135 003b 696E7433 		.ascii	"int32_t\000"
 1135      325F7400 
 1136              	.LASF13:
 1137 0043 666C6F61 		.ascii	"float\000"
 1137      7400
 1138              	.LASF0:
 1139 0049 7369676E 		.ascii	"signed char\000"
 1139      65642063 
 1139      68617200 
 1140              	.LASF21:
 1141 0055 64656C61 		.ascii	"delay\000"
 1141      7900
 1142              	.LASF1:
 1143 005b 756E7369 		.ascii	"unsigned char\000"
 1143      676E6564 
 1143      20636861 
 1143      7200
 1144              	.LASF37:
 1145 0069 474E5520 		.ascii	"GNU C11 5.4.1 20160609 (release) [ARM/embedded-5-br"
 1145      43313120 
 1145      352E342E 
 1145      31203230 
 1145      31363036 
 1146 009c 616E6368 		.ascii	"anch revision 237715] -mcpu=cortex-m3 -mthumb -g -O"
 1146      20726576 
ARM GAS  C:\Users\wille\AppData\Local\Temp\cc5UuPxd.s 			page 23


 1146      6973696F 
 1146      6E203233 
 1146      37373135 
 1147 00cf 67202D66 		.ascii	"g -ffunction-sections -ffat-lto-objects\000"
 1147      66756E63 
 1147      74696F6E 
 1147      2D736563 
 1147      74696F6E 
 1148              	.LASF5:
 1149 00f7 6C6F6E67 		.ascii	"long unsigned int\000"
 1149      20756E73 
 1149      69676E65 
 1149      6420696E 
 1149      7400
 1150              	.LASF28:
 1151 0109 6C5F6469 		.ascii	"l_dir\000"
 1151      7200
 1152              	.LASF32:
 1153 010f 4D6F746F 		.ascii	"MotorDirLeft_Write\000"
 1153      72446972 
 1153      4C656674 
 1153      5F577269 
 1153      746500
 1154              	.LASF40:
 1155 0122 49544D5F 		.ascii	"ITM_RxBuffer\000"
 1155      52784275 
 1155      66666572 
 1155      00
 1156              	.LASF22:
 1157 012f 6D6F746F 		.ascii	"motor_forward\000"
 1157      725F666F 
 1157      72776172 
 1157      6400
 1158              	.LASF14:
 1159 013d 646F7562 		.ascii	"double\000"
 1159      6C6500
 1160              	.LASF19:
 1161 0144 6D6F746F 		.ascii	"motor_stop\000"
 1161      725F7374 
 1161      6F7000
 1162              	.LASF38:
 1163 014f 5A756D6F 		.ascii	"ZumoLibrary\\Motor.c\000"
 1163      4C696272 
 1163      6172795C 
 1163      4D6F746F 
 1163      722E6300 
 1164              	.LASF12:
 1165 0163 75696E74 		.ascii	"uint32\000"
 1165      333200
 1166              	.LASF27:
 1167 016a 6D6F746F 		.ascii	"motor_sharp_turn\000"
 1167      725F7368 
 1167      6172705F 
 1167      7475726E 
 1167      00
 1168              	.LASF8:
 1169 017b 756E7369 		.ascii	"unsigned int\000"
ARM GAS  C:\Users\wille\AppData\Local\Temp\cc5UuPxd.s 			page 24


 1169      676E6564 
 1169      20696E74 
 1169      00
 1170              	.LASF24:
 1171 0188 6C5F7370 		.ascii	"l_speed\000"
 1171      65656400 
 1172              	.LASF7:
 1173 0190 6C6F6E67 		.ascii	"long long unsigned int\000"
 1173      206C6F6E 
 1173      6720756E 
 1173      7369676E 
 1173      65642069 
 1174              	.LASF18:
 1175 01a7 6D6F746F 		.ascii	"motor_start\000"
 1175      725F7374 
 1175      61727400 
 1176              	.LASF34:
 1177 01b3 50574D5F 		.ascii	"PWM_WriteCompare1\000"
 1177      57726974 
 1177      65436F6D 
 1177      70617265 
 1177      3100
 1178              	.LASF35:
 1179 01c5 50574D5F 		.ascii	"PWM_WriteCompare2\000"
 1179      57726974 
 1179      65436F6D 
 1179      70617265 
 1179      3200
 1180              	.LASF20:
 1181 01d7 73706565 		.ascii	"speed\000"
 1181      6400
 1182              	.LASF17:
 1183 01dd 73697A65 		.ascii	"sizetype\000"
 1183      74797065 
 1183      00
 1184              	.LASF29:
 1185 01e6 725F6469 		.ascii	"r_dir\000"
 1185      7200
 1186              	.LASF6:
 1187 01ec 6C6F6E67 		.ascii	"long long int\000"
 1187      206C6F6E 
 1187      6720696E 
 1187      7400
 1188              	.LASF15:
 1189 01fa 63686172 		.ascii	"char\000"
 1189      00
 1190              	.LASF39:
 1191 01ff 433A5C55 		.ascii	"C:\\Users\\wille\\OneDrive\\Tiedostot\\Zumo01\\Zumo"
 1191      73657273 
 1191      5C77696C 
 1191      6C655C4F 
 1191      6E654472 
 1192 022c 426F742E 		.ascii	"Bot.cydsn\000"
 1192      63796473 
 1192      6E00
 1193              	.LASF2:
 1194 0236 73686F72 		.ascii	"short int\000"
ARM GAS  C:\Users\wille\AppData\Local\Temp\cc5UuPxd.s 			page 25


 1194      7420696E 
 1194      7400
 1195              	.LASF30:
 1196 0240 50574D5F 		.ascii	"PWM_Start\000"
 1196      53746172 
 1196      7400
 1197              	.LASF31:
 1198 024a 50574D5F 		.ascii	"PWM_Stop\000"
 1198      53746F70 
 1198      00
 1199              	.LASF4:
 1200 0253 6C6F6E67 		.ascii	"long int\000"
 1200      20696E74 
 1200      00
 1201              	.LASF16:
 1202 025c 6C6F6E67 		.ascii	"long double\000"
 1202      20646F75 
 1202      626C6500 
 1203              	.LASF23:
 1204 0268 6D6F746F 		.ascii	"motor_turn\000"
 1204      725F7475 
 1204      726E00
 1205              	.LASF3:
 1206 0273 73686F72 		.ascii	"short unsigned int\000"
 1206      7420756E 
 1206      7369676E 
 1206      65642069 
 1206      6E7400
 1207              	.LASF36:
 1208 0286 43794465 		.ascii	"CyDelay\000"
 1208      6C617900 
 1209              		.ident	"GCC: (GNU Tools for ARM Embedded Processors) 5.4.1 20160609 (release) [ARM/embedded-5-bran
